22:24:56 **** Incremental Build of configuration Debug for project ecuacion_2grado ****
make all 
Building file: ../src/ecuacion_2grado.cpp
Invoking: GCC C++ Compiler
g++ -O0 -g3 -Wall -c -fmessage-length=0 -MMD -MP -MF"src/ecuacion_2grado.d" -MT"src/ecuacion_2grado.o" -o "src/ecuacion_2grado.o" "../src/ecuacion_2grado.cpp"
Finished building: ../src/ecuacion_2grado.cpp
 
Building target: ecuacion_2grado
Invoking: GCC C++ Linker
g++  -o "ecuacion_2grado"  ./src/ecuacion_2grado.o   
Finished building target: ecuacion_2grado
 
22:25:04 **** Incremental Build of configuration Debug for project ecuacion_2grado ****
make all 
make: No se hace nada para 'all'.
22:26:00 **** Incremental Build of configuration Debug for project ecuacion_2grado ****
make all 
Building file: ../src/ecuacion_2grado.cpp
Invoking: GCC C++ Compiler
g++ -O0 -g3 -Wall -c -fmessage-length=0 -MMD -MP -MF"src/ecuacion_2grado.d" -MT"src/ecuacion_2grado.o" -o "src/ecuacion_2grado.o" "../src/ecuacion_2grado.cpp"
Finished building: ../src/ecuacion_2grado.cpp
 
Building target: ecuacion_2grado
Invoking: GCC C++ Linker
g++  -o "ecuacion_2grado"  ./src/ecuacion_2grado.o   
Finished building target: ecuacion_2grado
 
22:28:32 **** Incremental Build of configuration Debug for project ecuacion_2grado ****
make all 
Building file: ../src/ecuacion_2grado.cpp
Invoking: GCC C++ Compiler
g++ -O0 -g3 -Wall -c -fmessage-length=0 -MMD -MP -MF"src/ecuacion_2grado.d" -MT"src/ecuacion_2grado.o" -o "src/ecuacion_2grado.o" "../src/ecuacion_2grado.cpp"
Finished building: ../src/ecuacion_2grado.cpp
 
Building target: ecuacion_2grado
Invoking: GCC C++ Linker
g++  -o "ecuacion_2grado"  ./src/ecuacion_2grado.o   
Finished building target: ecuacion_2grado
 
22:29:58 **** Incremental Build of configuration Debug for project ecuacion_2grado ****
make all 
Building file: ../src/ecuacion_2grado.cpp
Invoking: GCC C++ Compiler
g++ -O0 -g3 -Wall -c -fmessage-length=0 -MMD -MP -MF"src/ecuacion_2grado.d" -MT"src/ecuacion_2grado.o" -o "src/ecuacion_2grado.o" "../src/ecuacion_2grado.cpp"
Finished building: ../src/ecuacion_2grado.cpp
 
Building target: ecuacion_2grado
Invoking: GCC C++ Linker
g++  -o "ecuacion_2grado"  ./src/ecuacion_2grado.o   
Finished building target: ecuacion_2grado
 
22:30:26 **** Incremental Build of configuration Debug for project ecuacion_2grado ****
make all 
make: No se hace nada para 'all'.
22:35:14 **** Incremental Build of configuration Debug for project ecuacion_2grado ****
make all 
Building file: ../src/ecuacion_2grado.cpp
Invoking: GCC C++ Compiler
g++ -O0 -g3 -Wall -c -fmessage-length=0 -MMD -MP -MF"src/ecuacion_2grado.d" -MT"src/ecuacion_2grado.o" -o "src/ecuacion_2grado.o" "../src/ecuacion_2grado.cpp"
Finished building: ../src/ecuacion_2grado.cpp
 
Building target: ecuacion_2grado
Invoking: GCC C++ Linker
g++  -o "ecuacion_2grado"  ./src/ecuacion_2grado.o   
Finished building target: ecuacion_2grado
 
22:36:46 **** Incremental Build of configuration Debug for project ecuacion_2grado ****
make all 
Building file: ../src/ecuacion_2grado.cpp
Invoking: GCC C++ Compiler
g++ -O0 -g3 -Wall -c -fmessage-length=0 -MMD -MP -MF"src/ecuacion_2grado.d" -MT"src/ecuacion_2grado.o" -o "src/ecuacion_2grado.o" "../src/ecuacion_2grado.cpp"
Finished building: ../src/ecuacion_2grado.cpp
 
Building target: ecuacion_2grado
Invoking: GCC C++ Linker
g++  -o "ecuacion_2grado"  ./src/ecuacion_2grado.o   
Finished building target: ecuacion_2grado
 
22:38:02 **** Incremental Build of configuration Debug for project ecuacion_2grado ****
make all 
Building file: ../src/ecuacion_2grado.cpp
Invoking: GCC C++ Compiler
g++ -O0 -g3 -Wall -c -fmessage-length=0 -MMD -MP -MF"src/ecuacion_2grado.d" -MT"src/ecuacion_2grado.o" -o "src/ecuacion_2grado.o" "../src/ecuacion_2grado.cpp"
Finished building: ../src/ecuacion_2grado.cpp
 
Building target: ecuacion_2grado
Invoking: GCC C++ Linker
g++  -o "ecuacion_2grado"  ./src/ecuacion_2grado.o   
Finished building target: ecuacion_2grado
 
